Loading python/3.10.8-gpu
  Loading requirement: nvidia/nvhpc-nompi/22.2 gcc/10.2.0
    openmpi/4.1.6-cuda-11.6
Traceback (most recent call last):
  File "/mnt/lustre/e1000/home/mdisspt/mdisspt/mdisspt-s2266011/transformer/training_coursework/train.py", line 11, in <module>
    from torch.utils.tensorboard import SummaryWriter
  File "/work/mdisspt/mdisspt/mdisspt-s2266011/python-installs/lib/python3.10/site-packages/torch/utils/tensorboard/__init__.py", line 12, in <module>
    from .writer import FileWriter, SummaryWriter  # noqa: F401
  File "/work/mdisspt/mdisspt/mdisspt-s2266011/python-installs/lib/python3.10/site-packages/torch/utils/tensorboard/writer.py", line 15, in <module>
    from tensorboard.summary.writer.event_file_writer import EventFileWriter
  File "/work/mdisspt/mdisspt/mdisspt-s2266011/python-installs/lib/python3.10/site-packages/tensorboard/summary/__init__.py", line 33, in <module>
    from tensorboard.summary._output import DirectoryOutput  # noqa: F401
  File "/work/mdisspt/mdisspt/mdisspt-s2266011/python-installs/lib/python3.10/site-packages/tensorboard/summary/_output.py", line 20, in <module>
    from tensorboard.util import tensor_util
  File "/work/mdisspt/mdisspt/mdisspt-s2266011/python-installs/lib/python3.10/site-packages/tensorboard/util/tensor_util.py", line 20, in <module>
    from tensorboard.compat.tensorflow_stub import dtypes, compat, tensor_shape
  File "/work/mdisspt/mdisspt/mdisspt-s2266011/python-installs/lib/python3.10/site-packages/tensorboard/compat/tensorflow_stub/__init__.py", line 25, in <module>
    from . import app  # noqa
  File "/work/mdisspt/mdisspt/mdisspt-s2266011/python-installs/lib/python3.10/site-packages/tensorboard/compat/tensorflow_stub/app.py", line 21, in <module>
    from . import flags
  File "/work/mdisspt/mdisspt/mdisspt-s2266011/python-installs/lib/python3.10/site-packages/tensorboard/compat/tensorflow_stub/flags.py", line 25, in <module>
    from absl.flags import *  # pylint: disable=wildcard-import
ModuleNotFoundError: No module named 'absl'
srun: error: r2i4n7: task 0: Exited with exit code 1
srun: launch/slurm: _step_signal: Terminating StepId=7302957.0
